------------------------------update------------------------------
Date:2014/2/12
Version:1.0.0.0
----第一章试玩demo
----第二章25%
----第三章5%
---------------------------------------
Date:2014/2/12
Version:1.0.0.1
----修改选择关卡画面
---------------------------------------
Date:2014/2/16
Version:1.0.0.2
----优化部分代码
---------------------------------------
Date:2014/2/22
Version:1.0.0.3
----第二章30%
----添加剧本txt文件
---------------------------------------
Date:2014/3/8
Version:1.0.0.4
----第二章45%
---------------------------------------
Date:2014/3/9
version:1.0.0.5
----菜单的初步制作
--------在第一章开头直到证言前加入右键菜单系统
--------在第三章开头加入右键菜单系统
--------右键菜单实现如下基本功能：
------------存档
------------读取
------------回到标题
------------结束游戏
---------------------------------------
Date:2014/3/12
version:1.0.0.6
----第二章50%
---------------------------------------
Date:2014/3/14
version:1.0.0.7
----右键菜单实现如下功能：
--------查看历史记录
--------简易的系统设置：音量调节，文字显示速度调节
---------------------------------------
